13:02:24,769 INFO  [org.springframework.test.context.support.DefaultTestContextBootstrapper] Loaded default TestExecutionListener class names from location [META-INF/spring.factories]: [org.springframework.test.context.web.ServletTestExecutionListener, org.springframework.test.context.support.DirtiesContextBeforeModesTestExecutionListener, org.springframework.test.context.support.DependencyInjectionTestExecutionListener, org.springframework.test.context.support.DirtiesContextTestExecutionListener, org.springframework.test.context.transaction.TransactionalTestExecutionListener, org.springframework.test.context.jdbc.SqlScriptsTestExecutionListener]
13:02:24,786 INFO  [org.springframework.test.context.support.DefaultTestContextBootstrapper] Could not instantiate TestExecutionListener [org.springframework.test.context.web.ServletTestExecutionListener]. Specify custom listener classes or make the default listener classes (and their required dependencies) available. Offending class: [javax/servlet/ServletContext]
13:02:24,789 INFO  [org.springframework.test.context.support.DefaultTestContextBootstrapper] Using TestExecutionListeners: [org.springframework.test.context.support.DirtiesContextBeforeModesTestExecutionListener@464bee09, org.springframework.test.context.support.DependencyInjectionTestExecutionListener@f6c48ac, org.springframework.test.context.support.DirtiesContextTestExecutionListener@13deb50e, org.springframework.test.context.transaction.TransactionalTestExecutionListener@239963d8, org.springframework.test.context.jdbc.SqlScriptsTestExecutionListener@3abbfa04]
13:02:25,812 INFO  [org.springframework.beans.factory.xml.XmlBeanDefinitionReader] Loading XML bean definitions from file [E:\idea_all_project\JPAObjectMapping\target\classes\applicationContext.xml]
13:02:26,099 INFO  [org.springframework.context.support.GenericApplicationContext] Refreshing org.springframework.context.support.GenericApplicationContext@4b4523f8: startup date [Mon Dec 04 13:02:26 CST 2017]; root of context hierarchy
13:02:29,138 INFO  [com.mchange.v2.log.MLog] MLog clients using log4j logging.
13:02:29,359 INFO  [com.mchange.v2.c3p0.C3P0Registry] Initializing c3p0-0.9.1.2 [built 21-May-2007 15:04:56; debug? true; trace: 10]
13:02:29,517 INFO  [org.springframework.orm.jpa.LocalContainerEntityManagerFactoryBean] Building JPA container EntityManagerFactory for persistence unit 'default'
13:02:29,543 INFO  [org.hibernate.jpa.internal.util.LogHelper] HHH000204: Processing PersistenceUnitInfo [
	name: default
	...]
13:02:29,686 INFO  [org.hibernate.Version] HHH000412: Hibernate Core {4.3.11.Final}
13:02:29,689 INFO  [org.hibernate.cfg.Environment] HHH000206: hibernate.properties not found
13:02:29,692 INFO  [org.hibernate.cfg.Environment] HHH000021: Bytecode provider name : javassist
13:02:29,996 INFO  [org.hibernate.annotations.common.Version] HCANN000001: Hibernate Commons Annotations {4.0.5.Final}
13:02:30,098 INFO  [com.mchange.v2.c3p0.impl.AbstractPoolBackedDataSource] Initializing c3p0 pool... com.mchange.v2.c3p0.ComboPooledDataSource [ acquireIncrement -> 3, acquireRetryAttempts -> 30, acquireRetryDelay -> 1000, autoCommitOnClose -> false, automaticTestTable -> null, breakAfterAcquireFailure -> false, checkoutTimeout -> 0, connectionCustomizerClassName -> null, connectionTesterClassName -> com.mchange.v2.c3p0.impl.DefaultConnectionTester, dataSourceName -> 1hge2j29s8uoi1eqj2t3|175c2241, debugUnreturnedConnectionStackTraces -> false, description -> null, driverClass -> com.mysql.jdbc.Driver, factoryClassLocation -> null, forceIgnoreUnresolvedTransactions -> false, identityToken -> 1hge2j29s8uoi1eqj2t3|175c2241, idleConnectionTestPeriod -> 0, initialPoolSize -> 3, jdbcUrl -> jdbc:mysql://127.0.0.1:3306/mzjpa?useUnicode=true&characterEncoding=utf-8&useSSL=true, maxAdministrativeTaskTime -> 0, maxConnectionAge -> 0, maxIdleTime -> 0, maxIdleTimeExcessConnections -> 0, maxPoolSize -> 15, maxStatements -> 0, maxStatementsPerConnection -> 0, minPoolSize -> 3, numHelperThreads -> 3, numThreadsAwaitingCheckoutDefaultUser -> 0, preferredTestQuery -> null, properties -> {user=******, password=******}, propertyCycle -> 0, testConnectionOnCheckin -> false, testConnectionOnCheckout -> false, unreturnedConnectionTimeout -> 0, usesTraditionalReflectiveProxies -> false ]
13:02:30,999 INFO  [org.hibernate.dialect.Dialect] HHH000400: Using dialect: org.hibernate.dialect.MySQL5InnoDBDialect
13:02:31,046 INFO  [org.hibernate.engine.jdbc.internal.LobCreatorBuilder] HHH000424: Disabling contextual LOB creation as createClob() method threw error : java.lang.reflect.InvocationTargetException
13:02:31,194 INFO  [org.hibernate.hql.internal.ast.ASTQueryTranslatorFactory] HHH000397: Using ASTQueryTranslatorFactory
13:02:31,260 WARN  [net.sf.ehcache.config.ConfigurationFactory] No configuration found. Configuring ehcache from ehcache-failsafe.xml  found in the classpath: jar:file:/E:/tools/apache-maven-3.3.9/Maven-localRepository/net/sf/ehcache/ehcache-core/2.4.3/ehcache-core-2.4.3.jar!/ehcache-failsafe.xml
13:02:31,413 INFO  [org.hibernate.cache.spi.UpdateTimestampsCache] HHH000250: Starting update timestamps cache at region: org.hibernate.cache.spi.UpdateTimestampsCache
13:02:31,415 WARN  [org.hibernate.cache.ehcache.AbstractEhcacheRegionFactory] HHH020003: Could not find a specific ehcache configuration for cache named [org.hibernate.cache.spi.UpdateTimestampsCache]; using defaults.
13:02:31,470 INFO  [org.hibernate.cache.internal.StandardQueryCache] HHH000248: Starting query cache at region: org.hibernate.cache.internal.StandardQueryCache
13:02:31,471 WARN  [org.hibernate.cache.ehcache.AbstractEhcacheRegionFactory] HHH020003: Could not find a specific ehcache configuration for cache named [org.hibernate.cache.internal.StandardQueryCache]; using defaults.
13:02:31,967 INFO  [org.hibernate.tool.hbm2ddl.SchemaUpdate] HHH000228: Running hbm2ddl schema update
13:02:31,967 INFO  [org.hibernate.tool.hbm2ddl.SchemaUpdate] HHH000102: Fetching database metadata
13:02:31,972 INFO  [org.hibernate.tool.hbm2ddl.SchemaUpdate] HHH000396: Updating schema
13:02:32,014 INFO  [java.sql.DatabaseMetaData] HHH000262: Table not found: person
13:02:32,017 INFO  [java.sql.DatabaseMetaData] HHH000262: Table not found: person
13:02:32,020 INFO  [java.sql.DatabaseMetaData] HHH000262: Table not found: person
13:02:32,849 INFO  [org.hibernate.tool.hbm2ddl.SchemaUpdate] HHH000232: Schema update complete
13:02:32,925 INFO  [org.springframework.orm.jpa.LocalContainerEntityManagerFactoryBean] Initialized JPA EntityManagerFactory for persistence unit 'default'
13:02:32,978 INFO  [org.springframework.context.support.GenericApplicationContext] Closing org.springframework.context.support.GenericApplicationContext@4b4523f8: startup date [Mon Dec 04 13:02:26 CST 2017]; root of context hierarchy
13:02:32,979 INFO  [org.springframework.orm.jpa.LocalContainerEntityManagerFactoryBean] Closing JPA EntityManagerFactory for persistence unit 'default'
